#
# There is insufficient memory for the Java Runtime Environment to continue.
# Native memory allocation (malloc) failed to allocate 65552 bytes for Chunk::new
# Possible reasons:
#   The system is out of physical RAM or swap space
#   In 32 bit mode, the process size limit was hit
# Possible solutions:
#   Reduce memory load on the system
#   Increase physical memory or swap space
#   Check if swap backing store is full
#   Use 64 bit Java on a 64 bit OS
#   Decrease Java heap size (-Xmx/-Xms)
#   Decrease number of Java threads
#   Decrease Java thread stack sizes (-Xss)
#   Set larger code cache with -XX:ReservedCodeCacheSize=
# This output file may be truncated or incomplete.
#
#  Out of Memory Error (allocation.cpp:390), pid=16012, tid=0x0000000000003a24
#
# JRE version: Java(TM) SE Runtime Environment (8.0_181-b13) (build 1.8.0_181-b13)
# Java VM: Java HotSpot(TM) 64-Bit Server VM (25.181-b13 mixed mode windows-amd64 compressed oops)
# Failed to write core dump. Minidumps are not enabled by default on client versions of Windows
#

---------------  T H R E A D  ---------------

Current thread (0x0000000017b13000):  JavaThread "C2 CompilerThread0" daemon [_thread_in_native, id=14884, stack(0x0000000019170000,0x0000000019270000)]

Stack: [0x0000000019170000,0x0000000019270000]
[error occurred during error reporting (printing stack bounds), id 0xc0000005]

Native frames: (J=compiled Java code, j=interpreted, Vv=VM code, C=native code)


Current CompileTask:
C2:   3696 1484       4       java.net.URLClassLoader$1::run (5 bytes)


---------------  P R O C E S S  ---------------

Java Threads: ( => current thread )
  0x0000000017b6d800 JavaThread "Service Thread" daemon [_thread_blocked, id=14148, stack(0x0000000019870000,0x0000000019970000)]
  0x0000000017b1c800 JavaThread "C1 CompilerThread2" daemon [_thread_blocked, id=12616, stack(0x0000000019370000,0x0000000019470000)]
  0x0000000017b16000 JavaThread "C2 CompilerThread1" daemon [_thread_in_native, id=10136, stack(0x0000000019270000,0x0000000019370000)]
=>0x0000000017b13000 JavaThread "C2 CompilerThread0" daemon [_thread_in_native, id=14884, stack(0x0000000019170000,0x0000000019270000)]
  0x0000000017b0f000 JavaThread "Attach Listener" daemon [_thread_blocked, id=4528, stack(0x0000000019070000,0x0000000019170000)]
  0x0000000017b0d800 JavaThread "Signal Dispatcher" daemon [_thread_blocked, id=13492, stack(0x0000000018f70000,0x0000000019070000)]
  0x0000000017afb800 JavaThread "Finalizer" daemon [_thread_blocked, id=13748, stack(0x0000000018d70000,0x0000000018e70000)]
  0x0000000002f14000 JavaThread "Reference Handler" daemon [_thread_blocked, id=12808, stack(0x0000000018c70000,0x0000000018d70000)]
  0x0000000002e23800 JavaThread "main" [_thread_in_Java, id=3084, stack(0x0000000002cc0000,0x0000000002dc0000)]

Other Threads:
  0x0000000017ad8800 VMThread [stack: 0x0000000018b70000,0x0000000018c70000] [id=5992]
  0x0000000017b6e800 WatcherThread [stack: 0x0000000019970000,0x0000000019a70000] [id=15356]

VM state:not at safepoint (normal execution)

VM Mutex/Monitor currently owned by a thread: None

Heap:
 PSYoungGen      total 38400K, used 20704K [0x00000000d5e00000, 0x00000000d8880000, 0x0000000100000000)
  eden space 33280K, 46% used [0x00000000d5e00000,0x00000000d6d3f028,0x00000000d7e80000)
  from space 5120K, 99% used [0x00000000d8380000,0x00000000d8879078,0x00000000d8880000)
  to   space 5120K, 0% used [0x00000000d7e80000,0x00000000d7e80000,0x00000000d8380000)
 ParOldGen       total 87552K, used 2548K [0x0000000081a00000, 0x0000000086f80000, 0x00000000d5e00000)
  object space 87552K, 2% used [0x0000000081a00000,0x0000000081c7d320,0x0000000086f80000)
 Metaspace       used 14524K, capacity 14752K, committed 14976K, reserved 1062912K
  class space    used 1811K, capacity 1877K, committed 1920K, reserved 1048576K

Card table byte_map: [0x0000000012390000,0x0000000012790000] byte_map_base: 0x0000000011f83000

Marking Bits: (ParMarkBitMap*) 0x000000006b4c2d00
 Begin Bits: [0x0000000012e40000, 0x0000000014dd8000)
 End Bits:   [0x0000000014dd8000, 0x0000000016d70000)

Polling page: 0x0000000001680000

CodeCache: size=245760Kb used=5315Kb max_used=5315Kb free=240444Kb
 bounds [0x0000000002fd0000, 0x0000000003510000, 0x0000000011fd0000]
 total_blobs=1907 nmethods=1566 adapters=253
 compilation: enabled

Compilation events (10 events):
Event: 3.650 Thread 0x0000000017b1c800 1551       3       java.util.regex.Pattern$Node::<init> (12 bytes)
Event: 3.650 Thread 0x0000000017b1c800 nmethod 1551 0x00000000034f6ad0 code [0x00000000034f6c40, 0x00000000034f6e10]
Event: 3.651 Thread 0x0000000017b1c800 1552       3       java.util.Collections$EmptyMap::entrySet (4 bytes)
Event: 3.651 Thread 0x0000000017b1c800 nmethod 1552 0x00000000034f6ed0 code [0x00000000034f7040, 0x00000000034f71f0]
Event: 3.651 Thread 0x0000000017b1c800 1553       1       com.google.common.collect.LinkedHashMultimap$ValueEntry::getSuccessorInValueSet (5 bytes)
Event: 3.651 Thread 0x0000000017b1c800 nmethod 1553 0x00000000034f7290 code [0x00000000034f73e0, 0x00000000034f74f0]
Event: 3.652 Thread 0x0000000017b1c800 1554       3       org.eclipse.sisu.plexus.RealmFilteredBeans$FilteredItr::hasNext (81 bytes)
Event: 3.652 Thread 0x0000000017b1c800 nmethod 1554 0x00000000034f7550 code [0x00000000034f7780, 0x00000000034f8578]
Event: 3.652 Thread 0x0000000017b1c800 1555       3       java.lang.String::contains (20 bytes)
Event: 3.652 Thread 0x0000000017b1c800 nmethod 1555 0x00000000034f89d0 code [0x00000000034f8b60, 0x00000000034f8ff8]

GC Heap History (4 events):
Event: 2.644 GC heap before
{Heap before GC invocations=1 (full 0):
 PSYoungGen      total 38400K, used 33280K [0x00000000d5e00000, 0x00000000d8880000, 0x0000000100000000)
  eden space 33280K, 100% used [0x00000000d5e00000,0x00000000d7e80000,0x00000000d7e80000)
  from space 5120K, 0% used [0x00000000d8380000,0x00000000d8380000,0x00000000d8880000)
  to   space 5120K, 0% used [0x00000000d7e80000,0x00000000d7e80000,0x00000000d8380000)
 ParOldGen       total 87552K, used 0K [0x0000000081a00000, 0x0000000086f80000, 0x00000000d5e00000)
  object space 87552K, 0% used [0x0000000081a00000,0x0000000081a00000,0x0000000086f80000)
 Metaspace       used 8029K, capacity 8188K, committed 8320K, reserved 1056768K
  class space    used 1008K, capacity 1048K, committed 1152K, reserved 1048576K
Event: 2.652 GC heap after
Heap after GC invocations=1 (full 0):
 PSYoungGen      total 38400K, used 4943K [0x00000000d5e00000, 0x00000000d8880000, 0x0000000100000000)
  eden space 33280K, 0% used [0x00000000d5e00000,0x00000000d5e00000,0x00000000d7e80000)
  from space 5120K, 96% used [0x00000000d7e80000,0x00000000d8353c20,0x00000000d8380000)
  to   space 5120K, 0% used [0x00000000d8380000,0x00000000d8380000,0x00000000d8880000)
 ParOldGen       total 87552K, used 8K [0x0000000081a00000, 0x0000000086f80000, 0x00000000d5e00000)
  object space 87552K, 0% used [0x0000000081a00000,0x0000000081a02000,0x0000000086f80000)
 Metaspace       used 8029K, capacity 8188K, committed 8320K, reserved 1056768K
  class space    used 1008K, capacity 1048K, committed 1152K, reserved 1048576K
}
Event: 3.280 GC heap before
{Heap before GC invocations=2 (full 0):
 PSYoungGen      total 38400K, used 38223K [0x00000000d5e00000, 0x00000000d8880000, 0x0000000100000000)
  eden space 33280K, 100% used [0x00000000d5e00000,0x00000000d7e80000,0x00000000d7e80000)
  from space 5120K, 96% used [0x00000000d7e80000,0x00000000d8353c20,0x00000000d8380000)
  to   space 5120K, 0% used [0x00000000d8380000,0x00000000d8380000,0x00000000d8880000)
 ParOldGen       total 87552K, used 8K [0x0000000081a00000, 0x0000000086f80000, 0x00000000d5e00000)
  object space 87552K, 0% used [0x0000000081a00000,0x0000000081a02000,0x0000000086f80000)
 Metaspace       used 12252K, capacity 12444K, committed 12800K, reserved 1060864K
  class space    used 1574K, capacity 1671K, committed 1792K, reserved 1048576K
Event: 3.289 GC heap after
Heap after GC invocations=2 (full 0):
 PSYoungGen      total 38400K, used 5092K [0x00000000d5e00000, 0x00000000d8880000, 0x0000000100000000)
  eden space 33280K, 0% used [0x00000000d5e00000,0x00000000d5e00000,0x00000000d7e80000)
  from space 5120K, 99% used [0x00000000d8380000,0x00000000d8879078,0x00000000d8880000)
  to   space 5120K, 0% used [0x00000000d7e80000,0x00000000d7e80000,0x00000000d8380000)
 ParOldGen       total 87552K, used 2548K [0x0000000081a00000, 0x0000000086f80000, 0x00000000d5e00000)
  object space 87552K, 2% used [0x0000000081a00000,0x0000000081c7d320,0x0000000086f80000)
 Metaspace       used 12252K, capacity 12444K, committed 12800K, reserved 1060864K
  class space    used 1574K, capacity 1671K, committed 1792K, reserved 1048576K
}

Deoptimization events (7 events):
Event: 2.050 Thread 0x0000000002e23800 Uncommon trap: reason=unstable_if action=reinterpret pc=0x0000000003183d64 method=org.codehaus.plexus.util.xml.pull.MXParser.more()C @ 8
Event: 2.574 Thread 0x0000000002e23800 Uncommon trap: reason=unstable_if action=reinterpret pc=0x000000000326f1f0 method=org.codehaus.plexus.util.xml.pull.MXParser.nextImpl()I @ 241
Event: 2.590 Thread 0x0000000002e23800 Uncommon trap: reason=range_check action=make_not_entrant pc=0x000000000321fb60 method=sun.reflect.generics.parser.SignatureParser.current()C @ 34
Event: 3.245 Thread 0x0000000002e23800 Uncommon trap: reason=unstable_if action=reinterpret pc=0x00000000033145c0 method=java.util.concurrent.ConcurrentHashMap.putVal(Ljava/lang/Object;Ljava/lang/Object;Z)Ljava/lang/Object; @ 206
Event: 3.451 Thread 0x0000000002e23800 Uncommon trap: reason=null_check action=make_not_entrant pc=0x00000000031b9254 method=java.lang.String.equals(Ljava/lang/Object;)Z @ 8
Event: 3.483 Thread 0x0000000002e23800 Uncommon trap: reason=unstable_if action=reinterpret pc=0x00000000032b6d24 method=org.codehaus.plexus.util.xml.pull.MXParser.parseStartTag()I @ 443
Event: 3.627 Thread 0x0000000002e23800 Uncommon trap: reason=unstable_if action=reinterpret pc=0x0000000003196594 method=java.lang.String.replace(CC)Ljava/lang/String; @ 2

Classes redefined (0 events):
No events

Internal exceptions (10 events):
Event: 3.294 Thread 0x0000000002e23800 Exception <a 'java/lang/NoClassDefFoundError': com/google/inject/servlet/ServletModuleTargetVisitor> (0x00000000d5e471e0) thrown at [C:\re\workspace\8-2-build-windows-amd64-cygwin\jdk8u181\11358\hotspot\src\share\vm\classfile\systemDictionary.cpp, line 19
Event: 3.294 Thread 0x0000000002e23800 Exception <a 'java/lang/NoClassDefFoundError'> (0x00000000d5e471e0) thrown at [C:\re\workspace\8-2-build-windows-amd64-cygwin\jdk8u181\11358\hotspot\src\share\vm\prims\jvm.cpp, line 1439]
Event: 3.295 Thread 0x0000000002e23800 Exception <a 'java/lang/NoClassDefFoundError': javax/annotation/Priority> (0x00000000d5e4bad0) thrown at [C:\re\workspace\8-2-build-windows-amd64-cygwin\jdk8u181\11358\hotspot\src\share\vm\classfile\systemDictionary.cpp, line 199]
Event: 3.451 Thread 0x0000000002e23800 Implicit null exception at 0x00000000031b909b to 0x00000000031b9245
Event: 3.541 Thread 0x0000000002e23800 Exception <a 'java/lang/NullPointerException'> (0x00000000d6707290) thrown at [C:\re\workspace\8-2-build-windows-amd64-cygwin\jdk8u181\11358\hotspot\src\share\vm\interpreter\linkResolver.cpp, line 1185]
Event: 3.541 Thread 0x0000000002e23800 Exception <a 'java/lang/NullPointerException'> (0x00000000d67074a8) thrown at [C:\re\workspace\8-2-build-windows-amd64-cygwin\jdk8u181\11358\hotspot\src\share\vm\interpreter\linkResolver.cpp, line 1185]
Event: 3.541 Thread 0x0000000002e23800 Exception <a 'java/lang/NullPointerException'> (0x00000000d67076c0) thrown at [C:\re\workspace\8-2-build-windows-amd64-cygwin\jdk8u181\11358\hotspot\src\share\vm\interpreter\linkResolver.cpp, line 1185]
Event: 3.542 Thread 0x0000000002e23800 Exception <a 'java/lang/NullPointerException'> (0x00000000d6717970) thrown at [C:\re\workspace\8-2-build-windows-amd64-cygwin\jdk8u181\11358\hotspot\src\share\vm\interpreter\linkResolver.cpp, line 1185]
Event: 3.542 Thread 0x0000000002e23800 Exception <a 'java/lang/NullPointerException'> (0x00000000d6717b88) thrown at [C:\re\workspace\8-2-build-windows-amd64-cygwin\jdk8u181\11358\hotspot\src\share\vm\interpreter\linkResolver.cpp, line 1185]
Event: 3.542 Thread 0x0000000002e23800 Exception <a 'java/lang/NullPointerException'> (0x00000000d6717da0) thrown at [C:\re\workspace\8-2-build-windows-amd64-cygwin\jdk8u181\11358\hotspot\src\share\vm\interpreter\linkResolver.cpp, line 1185]

Events (10 events):
Event: 3.650 loading class org/apache/maven/artifact/InvalidArtifactRTException
Event: 3.650 loading class org/apache/maven/artifact/InvalidArtifactRTException done
Event: 3.650 loading class org/apache/maven/artifact/versioning/Restriction
Event: 3.650 loading class org/apache/maven/artifact/versioning/Restriction done
Event: 3.652 loading class org/apache/maven/project/DefaultProjectBuildingResult
Event: 3.652 loading class org/apache/maven/project/DefaultProjectBuildingResult done
Event: 3.653 loading class org/apache/maven/artifact/ArtifactUtils
Event: 3.653 loading class org/apache/maven/artifact/ArtifactUtils done
Event: 3.653 loading class org/apache/commons/lang3/StringUtils
Event: 3.653 loading class org/apache/commons/lang3/StringUtils done


Dynamic libraries:
0x00007ff6653b0000 - 0x00007ff6653e7000 	C:\Program Files\Java\jdk1.8.0_181\bin\java.exe
0x00007ff9c4e40000 - 0x00007ff9c5030000 	C:\WINDOWS\SYSTEM32\ntdll.dll
0x00007ff9c3c40000 - 0x00007ff9c3cf2000 	C:\WINDOWS\System32\KERNEL32.DLL
0x00007ff9c2960000 - 0x00007ff9c2c03000 	C:\WINDOWS\System32\KERNELBASE.dll
0x00007ff9c4d50000 - 0x00007ff9c4df3000 	C:\WINDOWS\System32\ADVAPI32.dll
0x00007ff9c4090000 - 0x00007ff9c412e000 	C:\WINDOWS\System32\msvcrt.dll
0x00007ff9c3ea0000 - 0x00007ff9c3f37000 	C:\WINDOWS\System32\sechost.dll
0x00007ff9c4850000 - 0x00007ff9c4970000 	C:\WINDOWS\System32\RPCRT4.dll
0x00007ff9c4a20000 - 0x00007ff9c4bb4000 	C:\WINDOWS\System32\USER32.dll
0x00007ff9c1e20000 - 0x00007ff9c1e41000 	C:\WINDOWS\System32\win32u.dll
0x00007ff9c3c10000 - 0x00007ff9c3c36000 	C:\WINDOWS\System32\GDI32.dll
0x00007ff9c2cb0000 - 0x00007ff9c2e44000 	C:\WINDOWS\System32\gdi32full.dll
0x00007ff9c2e50000 - 0x00007ff9c2eee000 	C:\WINDOWS\System32\msvcp_win.dll
0x00007ff9c25d0000 - 0x00007ff9c26ca000 	C:\WINDOWS\System32\ucrtbase.dll
0x00007ff9b2de0000 - 0x00007ff9b3065000 	C:\WINDOWS\WinSxS\amd64_microsoft.windows.common-controls_6595b64144ccf1df_6.0.18362.720_none_e6beb5c51314836b\COMCTL32.dll
0x00007ff9c38d0000 - 0x00007ff9c3c06000 	C:\WINDOWS\System32\combase.dll
0x00007ff9c2c10000 - 0x00007ff9c2c90000 	C:\WINDOWS\System32\bcryptPrimitives.dll
0x00007ff9c47c0000 - 0x00007ff9c47ee000 	C:\WINDOWS\System32\IMM32.DLL
0x000000006abc0000 - 0x000000006ac92000 	C:\Program Files\Java\jdk1.8.0_181\jre\bin\msvcr100.dll
0x000000006aca0000 - 0x000000006b542000 	C:\Program Files\Java\jdk1.8.0_181\jre\bin\server\jvm.dll
0x00007ff9c4d40000 - 0x00007ff9c4d48000 	C:\WINDOWS\System32\PSAPI.DLL
0x00007ff9bc0c0000 - 0x00007ff9bc0ca000 	C:\WINDOWS\SYSTEM32\VERSION.dll
0x00007ff9bde40000 - 0x00007ff9bde64000 	C:\WINDOWS\SYSTEM32\WINMM.dll
0x00007ff9abb10000 - 0x00007ff9abb19000 	C:\WINDOWS\SYSTEM32\WSOCK32.dll
0x00007ff9c4610000 - 0x00007ff9c467f000 	C:\WINDOWS\System32\WS2_32.dll
0x00007ff9bde10000 - 0x00007ff9bde3d000 	C:\WINDOWS\SYSTEM32\winmmbase.dll
0x00007ff9c1dd0000 - 0x00007ff9c1e1a000 	C:\WINDOWS\System32\cfgmgr32.dll
0x000000006c580000 - 0x000000006c58f000 	C:\Program Files\Java\jdk1.8.0_181\jre\bin\verify.dll
0x000000006ab90000 - 0x000000006abb9000 	C:\Program Files\Java\jdk1.8.0_181\jre\bin\java.dll
0x000000006ab70000 - 0x000000006ab86000 	C:\Program Files\Java\jdk1.8.0_181\jre\bin\zip.dll
0x00007ff9c31e0000 - 0x00007ff9c38c5000 	C:\WINDOWS\System32\SHELL32.dll
0x00007ff9c4970000 - 0x00007ff9c4a19000 	C:\WINDOWS\System32\shcore.dll
0x00007ff9c1e50000 - 0x00007ff9c25d0000 	C:\WINDOWS\System32\windows.storage.dll
0x00007ff9c1d50000 - 0x00007ff9c1d73000 	C:\WINDOWS\System32\profapi.dll
0x00007ff9c1d80000 - 0x00007ff9c1dca000 	C:\WINDOWS\System32\powrprof.dll
0x00007ff9c1d00000 - 0x00007ff9c1d10000 	C:\WINDOWS\System32\UMPDC.dll
0x00007ff9c3e40000 - 0x00007ff9c3e92000 	C:\WINDOWS\System32\shlwapi.dll
0x00007ff9c1d10000 - 0x00007ff9c1d21000 	C:\WINDOWS\System32\kernel.appcore.dll
0x00007ff9c2c90000 - 0x00007ff9c2ca7000 	C:\WINDOWS\System32\cryptsp.dll
0x000000006ab50000 - 0x000000006ab6a000 	C:\Program Files\Java\jdk1.8.0_181\jre\bin\net.dll
0x00007ff9c1570000 - 0x00007ff9c15d7000 	C:\WINDOWS\system32\mswsock.dll
0x000000006ab30000 - 0x000000006ab41000 	C:\Program Files\Java\jdk1.8.0_181\jre\bin\nio.dll

VM Arguments:
jvm_args: -Dclassworlds.conf=C:\Program Files\NetBeans-11.2\netbeans\java\maven\bin\m2.conf -Dmaven.home=C:\Program Files\NetBeans-11.2\netbeans\java\maven -Dmaven.multiModuleProjectDirectory=C:\Users\Bunny\Desktop\samestr4\EnterpriseAppModelling\Lab8\SoapService 
java_command: org.codehaus.plexus.classworlds.launcher.Launcher -Dmaven.ext.class.path=C:\Program Files\NetBeans-11.2\netbeans\java\maven-nblib\netbeans-eventspy.jar -Dfile.encoding=UTF-8 install
java_class_path (initial): C:\Program Files\NetBeans-11.2\netbeans\java\maven\boot\plexus-classworlds-2.5.2.jar
Launcher Type: SUN_STANDARD

Environment Variables:
JAVA_HOME=C:\Program Files\Java\jdk1.8.0_181
JRE_HOME=C:\Program Files\Java\jre1.8.0_181
USERNAME=Bunny Gaming
OS=Windows_NT
PROCESSOR_IDENTIFIER=Intel64 Family 6 Model 78 Stepping 3, GenuineIntel



---------------  S Y S T E M  ---------------

OS: Windows 10.0 , 64 bit Build 18362 (10.0.18362.329)

CPU:total 4 (initial active 4) (2 cores per cpu, 2 threads per core) family 6 model 78 stepping 3, cmov, cx8, fxsr, mmx, sse, sse2, sse3, ssse3, sse4.1, sse4.2, popcnt, avx, avx2, aes, clmul, erms, 3dnowpref, lzcnt, ht, tsc, tscinvbit, bmi1, bmi2, adx

Memory: 4k page, physical 8275872k(600888k free), swap 12470176k(2332k free)

vm_info: Java HotSpot(TM) 64-Bit Server VM (25.181-b13) for windows-amd64 JRE (1.8.0_181-b13), built on Jul  7 2018 04:01:33 by "java_re" with MS VC++ 10.0 (VS2010)

time: Fri Apr 03 15:18:08 2020
elapsed time: 3 seconds (0d 0h 0m 3s)

